<?xml version="1.0" encoding="UTF-8"?>
<robot generator="Robot 3.1.2 (Python 3.8.2 on darwin)" generated="20200416 16:59:30.783" rpa="false">
<suite id="s1" name="Tests" source="/Users/dmitrytristen/PycharmProjects/basic/tests">
<suite id="s1-s1" name="Project" source="/Users/dmitrytristen/PycharmProjects/basic/tests/project.robot">
<test id="s1-s1-t1" name="User can open login page">
<kw name="Open Browser" library="SeleniumLibrary">
<doc>Opens a new browser instance to the optional ``url``.</doc>
<arguments>
<arg>https://demo30-qa.acceleratelearning.com</arg>
<arg>chrome</arg>
</arguments>
<msg timestamp="20200416 16:59:31.052" level="INFO">Opening browser 'chrome' to base url 'https://demo30-qa.acceleratelearning.com'.</msg>
<status status="PASS" starttime="20200416 16:59:31.051" endtime="20200416 16:59:52.543"></status>
</kw>
<kw name="Maximize Browser Window" library="SeleniumLibrary">
<doc>Maximizes current browser window.</doc>
<status status="PASS" starttime="20200416 16:59:52.544" endtime="20200416 16:59:52.679"></status>
</kw>
<kw name="Set Selenium Speed" library="SeleniumLibrary">
<doc>Sets the delay that is waited after each Selenium command.</doc>
<arguments>
<arg>0</arg>
</arguments>
<status status="PASS" starttime="20200416 16:59:52.679" endtime="20200416 16:59:52.679"></status>
</kw>
<kw name="Title Should Be" library="SeleniumLibrary">
<doc>Verifies that the current page title equals ``title``.</doc>
<arguments>
<arg>Stemscopes Science</arg>
</arguments>
<msg timestamp="20200416 16:59:52.683" level="INFO">Page title is 'Stemscopes Science'.</msg>
<status status="PASS" starttime="20200416 16:59:52.679" endtime="20200416 16:59:52.684"></status>
</kw>
<kw name="Close Browser" library="SeleniumLibrary" type="teardown">
<doc>Closes the current browser.</doc>
<status status="PASS" starttime="20200416 16:59:52.684" endtime="20200416 16:59:52.799"></status>
</kw>
<doc>As a User I can open login page</doc>
<status status="PASS" starttime="20200416 16:59:31.051" endtime="20200416 16:59:52.799" critical="yes"></status>
</test>
<doc>This is basic test</doc>
<status status="PASS" starttime="20200416 16:59:30.810" endtime="20200416 16:59:52.801"></status>
</suite>
<status status="PASS" starttime="20200416 16:59:30.784" endtime="20200416 16:59:52.803"></status>
</suite>
<statistics>
<total>
<stat pass="1" fail="0">Critical Tests</stat>
<stat pass="1" fail="0">All Tests</stat>
</total>
<tag>
</tag>
<suite>
<stat pass="1" fail="0" id="s1" name="Tests">Tests</stat>
<stat pass="1" fail="0" id="s1-s1" name="Project">Tests.Project</stat>
</suite>
</statistics>
<errors>
</errors>
</robot>
